Building DAG of jobs...
Using shell: /bin/bash
Provided cores: 1 (use --cores to define parallelism)
Rules claiming more threads will be scaled down.
Job stats:
job        count
-------  -------
prepare        1
total          1

Select jobs to execute...

[Tue Nov 28 19:42:45 2023]
rule prepare:
    output: snakefolder/prepare_output.txt, lab6/output2.txt
    jobid: 0
    reason: Missing output files: lab6/output2.txt, snakefolder/prepare_output.txt
    resources: tmpdir=/var/folders/wb/vdgwvt_s1s1_mbf_w9jd77jr0000gn/T

[Tue Nov 28 19:42:45 2023]
Error in rule prepare:
    jobid: 0
    output: snakefolder/prepare_output.txt, lab6/output2.txt
    shell:
        python snakefolder/prepare_data.py
        (one of the commands exited with non-zero exit code; note that snakemake uses bash strict mode!)

Shutting down, this might take some time.
Exiting because a job execution failed. Look above for error message
Complete log: .snakemake/log/2023-11-28T194245.626539.snakemake.log
