Building DAG of jobs...
Using shell: /bin/bash
Provided cores: 2
Rules claiming more threads will be scaled down.
Job stats:
job        count
-------  -------
profile        1
total          1

Select jobs to execute...

[Thu Nov 30 10:26:02 2023]
rule profile:
    input: data/car_evaluation_dataset.csv
    output: profiling/report.html
    jobid: 0
    reason: Updated input files: data/car_evaluation_dataset.csv
    resources: tmpdir=/var/folders/wb/vdgwvt_s1s1_mbf_w9jd77jr0000gn/T

[Thu Nov 30 10:26:08 2023]
Finished job 0.
1 of 1 steps (100%) done
Complete log: .snakemake/log/2023-11-30T102602.469419.snakemake.log
