Building DAG of jobs...
Using shell: /bin/bash
Provided cores: 1 (use --cores to define parallelism)
Rules claiming more threads will be scaled down.
Job stats:
job        count
-------  -------
analyze        1
total          1

Select jobs to execute...

[Mon Dec  4 14:39:04 2023]
rule analyze:
    input: profiling/report.html
    output: results/class_distribution.png, results/classification_results.txt, results/confusion_matrix.png, results/summary_statistics.csv
    jobid: 0
    reason: Set of input files has changed since last execution
    resources: tmpdir=/var/folders/wb/vdgwvt_s1s1_mbf_w9jd77jr0000gn/T

[Mon Dec  4 14:39:09 2023]
Finished job 0.
1 of 1 steps (100%) done
Complete log: .snakemake/log/2023-12-04T143904.853539.snakemake.log
