Building DAG of jobs...
Using shell: /bin/bash
Provided cores: 3
Rules claiming more threads will be scaled down.
Job stats:
job        count
-------  -------
analyze        1
total          1

Select jobs to execute...

[Thu Nov 30 14:20:14 2023]
rule analyze:
    input: data/car_evaluation_dataset.csv
    output: results/class_distribution.png, results/classification_results.txt, results/confusion_matrix.png, results/summary_statistics.csv
    jobid: 0
    reason: Missing output files: results/confusion_matrix.png, results/classification_results.txt, results/class_distribution.png, results/summary_statistics.csv
    resources: tmpdir=/var/folders/wb/vdgwvt_s1s1_mbf_w9jd77jr0000gn/T

[Thu Nov 30 14:20:15 2023]
Finished job 0.
1 of 1 steps (100%) done
Complete log: .snakemake/log/2023-11-30T142014.083881.snakemake.log
